0 info it worked if it ends with ok
1 verbose cli [ '/usr/local/bin/node', '/usr/local/bin/npm', 'publish' ]
2 info using npm@1.4.28
3 info using node@v0.10.35
4 verbose publish [ '.' ]
5 verbose cache add [ '.', null ]
6 verbose cache add name=undefined spec="." args=[".",null]
7 verbose parsed url { protocol: null,
7 verbose parsed url   slashes: null,
7 verbose parsed url   auth: null,
7 verbose parsed url   host: null,
7 verbose parsed url   port: null,
7 verbose parsed url   hostname: null,
7 verbose parsed url   hash: null,
7 verbose parsed url   search: null,
7 verbose parsed url   query: null,
7 verbose parsed url   pathname: '.',
7 verbose parsed url   path: '.',
7 verbose parsed url   href: '.' }
8 silly lockFile 3a52ce78- .
9 verbose lock . /Users/jerkelens/.npm/3a52ce78-.lock
10 verbose tar pack [ '/Users/jerkelens/.npm/mongo-scheduler/1.0.0/package.tgz',
10 verbose tar pack   '.' ]
11 verbose tarball /Users/jerkelens/.npm/mongo-scheduler/1.0.0/package.tgz
12 verbose folder .
13 info prepublish mongo-scheduler@1.0.0
14 silly lockFile 1f1177db-tar tar://.
15 verbose lock tar://. /Users/jerkelens/.npm/1f1177db-tar.lock
16 silly lockFile a682cd1b-ongo-scheduler-1-0-0-package-tgz tar:///Users/jerkelens/.npm/mongo-scheduler/1.0.0/package.tgz
17 verbose lock tar:///Users/jerkelens/.npm/mongo-scheduler/1.0.0/package.tgz /Users/jerkelens/.npm/a682cd1b-ongo-scheduler-1-0-0-package-tgz.lock
18 silly lockFile 1f1177db-tar tar://.
19 silly lockFile 1f1177db-tar tar://.
20 silly lockFile a682cd1b-ongo-scheduler-1-0-0-package-tgz tar:///Users/jerkelens/.npm/mongo-scheduler/1.0.0/package.tgz
21 silly lockFile a682cd1b-ongo-scheduler-1-0-0-package-tgz tar:///Users/jerkelens/.npm/mongo-scheduler/1.0.0/package.tgz
22 silly lockFile e1890474-pm-mongo-scheduler-1-0-0-package /Users/jerkelens/.npm/mongo-scheduler/1.0.0/package
23 verbose lock /Users/jerkelens/.npm/mongo-scheduler/1.0.0/package /Users/jerkelens/.npm/e1890474-pm-mongo-scheduler-1-0-0-package.lock
24 silly lockFile e1890474-pm-mongo-scheduler-1-0-0-package /Users/jerkelens/.npm/mongo-scheduler/1.0.0/package
25 silly lockFile e1890474-pm-mongo-scheduler-1-0-0-package /Users/jerkelens/.npm/mongo-scheduler/1.0.0/package
26 silly lockFile 3a52ce78- .
27 silly lockFile 3a52ce78- .
28 silly publish { name: 'mongo-scheduler',
28 silly publish   description: 'persistent event scheduler using mongo as storage',
28 silly publish   version: '1.0.0',
28 silly publish   keywords: [ 'job', 'jobs', 'scheduler', 'schedule', 'event', 'mongo', 'cron' ],
28 silly publish   repository:
28 silly publish    { type: 'git',
28 silly publish      url: 'git://github.com/jamplify/mongo-scheduler' },
28 silly publish   dependencies:
28 silly publish    { 'cron-parser': '0.6.2',
28 silly publish      lodash: '3.9.1',
28 silly publish      mongodb: '2.0.33',
28 silly publish      underscore: '~1.5.2' },
28 silly publish   devDependencies:
28 silly publish    { mocha: '~1.13.0',
28 silly publish      moment: '2.10.3',
28 silly publish      should: '7.0.1',
28 silly publish      sinon: '~1.8.1' },
28 silly publish   scripts: { test: 'mocha -u bdd -R spec --recursive -c ./test/' },
28 silly publish   license: 'MIT',
28 silly publish   engine: { node: '>= 0.6' },
28 silly publish   author: { name: 'JP Erkelens', email: 'jp@jamplify.com' },
28 silly publish   contributors: [ { name: 'Matt Roman', email: 'matt@jamplify.com' } ],
28 silly publish   jshintConfig:
28 silly publish    { eqeqeq: true,
28 silly publish      indent: 2,
28 silly publish      esnext: true,
28 silly publish      asi: true,
28 silly publish      maxlen: 80,
28 silly publish      singleGroups: true,
28 silly publish      unused: true },
28 silly publish   readme: 'mongo-scheduler [![Build Status](https://travis-ci.org/jamplify/mongo-scheduler.png)](https://travis-ci.org/jamplify/mongo-scheduler)\n==================\n\nPersistent event scheduler using mongodb as storage\n\nProvide the scheduler with some storage and timing info and it will emit events with the corresponding document at the right time\n\nInstallation\n------------\n\n`npm install mongo-scheduler`\n\nUsage\n-----\n\n### Initialization\n\n```javascript\nvar Scheduler = require(\'mongo-scheduer\')\nvar scheduler = new Scheduler(connection, options)\n```\n\n__Arguments__\n* connectionString <String or Object> - mongodb connections string (i.e.: "mongodb://localhost:27017/scheduler-db") or a mongoose connection object\n* options <Object> - Options object\n\n__Valid Options__\n* pollInterval <Number> - Frequency in ms that the scheduler should poll the db. Default: 60000 (1 minute)\n* doNotFire <bool> - If set to true, this instance will only schedule events, not fire them. Default: false\n\n---------------------------------------\n\n### schedule()\n\nSchedules an event.\n\n```javascript\nvar event = {name: \'breakfast\' collection: \'meals\', after: new Date(), data: \'Fry\'}\nscheduler.schedule(event)\n```\n\n__Arguments__\n* event <Object> - Event details\n* [callback] <Function>\n\n__Event Fields__\n* name <String> - Name of event that should be fired\n* [cron] <String> - A cron string representing a frequency this should fire on\n* [collection] <Object> - Info about the documents this event corresponds to\n* [id] <ObjectId> - Value of the _id field of the document this event corresponds to\n* [after] <Date> - Time that the event should be triggered at, if left blank it will trigger the next time the scheduler polls\n* [query] <Object> - a MongoDB query expression to select records that this event should be triggered for\n* [data] <Object|Primitive> - Extra data to attach to the event\n\n\n\n---------------------------------------\n\n### on\n\nEvent handler.\n\n```javascript\nscheduler.on(\'breakfast\', function(meal, event) {\n  console.log(event.data + " the " + meal.ingredients)\n  // Assuming the document {ingredients: "Bacon and Eggs"} is in the meals collection\n  // prints "Fry the Bacon and Eggs"\n})\n```\n__Arguments__\n* eventName <String> - Name of event\n* handler <Function> - handler\n\n\n#### Error handling\nIf the scheduler encounters an error it will emit an \'error\' event. In this case the handler, will receive two arguments: the Error object, and the event doc (if applicable).\n\nLicense\n-------\n\nMIT License\n',
28 silly publish   readmeFilename: 'README.md',
28 silly publish   gitHead: '6a2d65c41c227674ed039628715a6f4e9681b70a',
28 silly publish   bugs: { url: 'https://github.com/jamplify/mongo-scheduler/issues' },
28 silly publish   homepage: 'https://github.com/jamplify/mongo-scheduler',
28 silly publish   _id: 'mongo-scheduler@1.0.0',
28 silly publish   _shasum: '31d27e94bb4f9de6e87a2e8d63d1834a53456dfb',
28 silly publish   _from: '.' }
29 verbose request where is /mongo-scheduler
30 verbose request registry https://registry.npmjs.org/
31 verbose request id 5922079c9efff6c0
32 verbose url raw /mongo-scheduler
33 verbose url resolving [ 'https://registry.npmjs.org/', './mongo-scheduler' ]
34 verbose url resolved https://registry.npmjs.org/mongo-scheduler
35 verbose request where is https://registry.npmjs.org/mongo-scheduler
36 info trying registry request attempt 1 at 16:51:01
37 http PUT https://registry.npmjs.org/mongo-scheduler
38 http 403 https://registry.npmjs.org/mongo-scheduler
39 verbose headers { 'content-type': 'application/json',
39 verbose headers   'cache-control': 'max-age=60',
39 verbose headers   'content-length': '95',
39 verbose headers   'accept-ranges': 'bytes',
39 verbose headers   date: 'Tue, 30 Jun 2015 20:51:03 GMT',
39 verbose headers   via: '1.1 varnish',
39 verbose headers   connection: 'keep-alive',
39 verbose headers   'x-served-by': 'cache-jfk1024-JFK',
39 verbose headers   'x-cache': 'MISS',
39 verbose headers   'x-cache-hits': '0',
39 verbose headers   'x-timer': 'S1435697461.910721,VS0,VE1096' }
40 error publish Failed PUT 403
41 error Error: "You cannot publish over the previously published version 1.0.0." : mongo-scheduler
41 error     at RegClient.<anonymous> (/usr/local/lib/node_modules/npm/node_modules/npm-registry-client/lib/request.js:308:14)
41 error     at Request._callback (/usr/local/lib/node_modules/npm/node_modules/npm-registry-client/lib/request.js:246:65)
41 error     at Request.self.callback (/usr/local/lib/node_modules/npm/node_modules/request/request.js:236:22)
41 error     at Request.emit (events.js:98:17)
41 error     at Request.<anonymous> (/usr/local/lib/node_modules/npm/node_modules/request/request.js:1142:14)
41 error     at Request.emit (events.js:117:20)
41 error     at IncomingMessage.<anonymous> (/usr/local/lib/node_modules/npm/node_modules/request/request.js:1096:12)
41 error     at IncomingMessage.emit (events.js:117:20)
41 error     at _stream_readable.js:944:16
41 error     at process._tickCallback (node.js:442:13)
42 error If you need help, you may report this *entire* log,
42 error including the npm and node versions, at:
42 error     <http://github.com/npm/npm/issues>
43 error System Darwin 14.3.0
44 error command "/usr/local/bin/node" "/usr/local/bin/npm" "publish"
45 error cwd /Users/jerkelens/Projects/js/mongo-scheduler
46 error node -v v0.10.35
47 error npm -v 1.4.28
48 verbose exit [ 1, true ]
